* Host localhost:8080 was resolved.
* IPv6: ::1
* IPv4: 127.0.0.1
*   Trying [::1]:8080...
* Connected to localhost (::1) port 8080
> GET /reader/home HTTP/1.1
> Host: localhost:8080
> User-Agent: curl/8.7.1
> Accept: */*
> Cookie: JSESSIONID=A9826B8C9A93F060CC9C37FF1B4D3274
> 
* Request completely sent off
< HTTP/1.1 500 
< X-Content-Type-Options: nosniff
< X-XSS-Protection: 0
< Cache-Control: no-cache, no-store, max-age=0, must-revalidate
< Pragma: no-cache
< Expires: 0
< X-Frame-Options: DENY
< Content-Language: vi-VN
< Content-Length: 0
< Date: Mon, 06 Apr 2026 18:22:49 GMT
< Connection: close
< 
* Closing connection
